[debug] [2022-05-02T05:01:39.165Z] ----------------------------------------------------------------------
[debug] [2022-05-02T05:01:39.167Z] Command:       C:\Program Files\nodejs\node.exe C:\Users\MD. SAKIB\AppData\Roaming\npm\node_modules\firebase-tools\lib\bin\firebase.js init
[debug] [2022-05-02T05:01:39.168Z] CLI Version:   10.7.2
[debug] [2022-05-02T05:01:39.168Z] Platform:      win32
[debug] [2022-05-02T05:01:39.168Z] Node Version:  v16.14.2
[debug] [2022-05-02T05:01:39.169Z] Time:          Mon May 02 2022 11:01:39 GMT+0600 (Bangladesh Standard Time)
[debug] [2022-05-02T05:01:39.169Z] ----------------------------------------------------------------------
[debug] 
[debug] [2022-05-02T05:01:39.176Z] > command requires scopes: ["email","openid","https://www.googleapis.com/auth/cloudplatformprojects.readonly","https://www.googleapis.com/auth/firebase","https://www.googleapis.com/auth/cloud-platform"]
[debug] [2022-05-02T05:01:39.176Z] > authorizing via signed-in user (darkknight22050@gmail.com)
[info] 
     ######## #### ########  ######## ########     ###     ######  ########
     ##        ##  ##     ## ##       ##     ##  ##   ##  ##       ##
     ######    ##  ########  ######   ########  #########  ######  ######
     ##        ##  ##    ##  ##       ##     ## ##     ##       ## ##
     ##       #### ##     ## ######## ########  ##     ##  ######  ########

You're about to initialize a Firebase project in this directory:

  F:\Project\personal-portfolio\portfolio-frontend

[info] 
=== Project Setup
[info] 
[info] First, let's associate this project directory with a Firebase project.
[info] You can create multiple project aliases by running firebase use --add, 
[info] but for now we'll just set up a default project.
[info] 
[debug] [2022-05-02T05:01:59.408Z] >>> [apiv2][query] GET https://firebase.googleapis.com/v1beta1/projects pageSize=100
[debug] [2022-05-02T05:02:00.073Z] <<< [apiv2][status] GET https://firebase.googleapis.com/v1beta1/projects 200
[debug] [2022-05-02T05:02:00.074Z] <<< [apiv2][body] GET https://firebase.googleapis.com/v1beta1/projects [omitted]
[debug] [2022-05-02T05:02:26.985Z] ----------------------------------------------------------------------
[debug] [2022-05-02T05:02:26.987Z] Command:       C:\Program Files\nodejs\node.exe C:\Users\MD. SAKIB\AppData\Roaming\npm\node_modules\firebase-tools\lib\bin\firebase.js init
[debug] [2022-05-02T05:02:26.987Z] CLI Version:   10.7.2
[debug] [2022-05-02T05:02:26.987Z] Platform:      win32
[debug] [2022-05-02T05:02:26.987Z] Node Version:  v16.14.2
[debug] [2022-05-02T05:02:26.988Z] Time:          Mon May 02 2022 11:02:26 GMT+0600 (Bangladesh Standard Time)
[debug] [2022-05-02T05:02:26.988Z] ----------------------------------------------------------------------
[debug] 
[debug] [2022-05-02T05:02:26.995Z] > command requires scopes: ["email","openid","https://www.googleapis.com/auth/cloudplatformprojects.readonly","https://www.googleapis.com/auth/firebase","https://www.googleapis.com/auth/cloud-platform"]
[debug] [2022-05-02T05:02:26.996Z] > authorizing via signed-in user (darkknight22050@gmail.com)
[info] 
     ######## #### ########  ######## ########     ###     ######  ########
     ##        ##  ##     ## ##       ##     ##  ##   ##  ##       ##
     ######    ##  ########  ######   ########  #########  ######  ######
     ##        ##  ##    ##  ##       ##     ## ##     ##       ## ##
     ##       #### ##     ## ######## ########  ##     ##  ######  ########

You're about to initialize a Firebase project in this directory:

  F:\Project\personal-portfolio\portfolio-frontend

[info] 
=== Project Setup
[info] 
[info] First, let's associate this project directory with a Firebase project.
[info] You can create multiple project aliases by running firebase use --add, 
[info] but for now we'll just set up a default project.
[info] 
[info] i  If you want to create a project in a Google Cloud organization or folder, please use "firebase projects:create" instead, and return to this command when you've created the project. 
